<?xml version="1.0" encoding="UTF-8"?>
<!-- Generated by org.testng.reporters.JUnitReportReporter -->
<testsuite hostname="DESKTOP-DIEH0P6" failures="0" tests="5" name="com.seleniumtest.seleniumtest.NewTest" time="31.880" errors="0" timestamp="2021-09-07T20:25:42 IST" skipped="0">
  <testcase classname="com.seleniumtest.seleniumtest.NewTest" name="testJbkTitle" time="8.675"/>
  <system-out/>
  <testcase classname="com.seleniumtest.seleniumtest.NewTest" name="testJbkTitleInvalid" time="3.950"/>
  <system-out/>
  <testcase classname="com.seleniumtest.seleniumtest.NewTest" name="testJbkTitlesubmit" time="10.207"/>
  <system-out/>
  <testcase classname="com.seleniumtest.seleniumtest.NewTest" name="testJbkTitlecheck" time="2.473"/>
  <system-out/>
  <testcase classname="com.seleniumtest.seleniumtest.NewTest" name="testJbkTitlescroll" time="6.575"/>
  <system-out/>
</testsuite> <!-- com.seleniumtest.seleniumtest.NewTest -->
